d:\home-robot\2_workspace64\visual studio\6_qcustomplot_opalkelly\6_qcustomplot_opalkelly\debug\vc140.pdb
d:\home-robot\2_workspace64\visual studio\6_qcustomplot_opalkelly\6_qcustomplot_opalkelly\debug\thread_usbdata.obj
d:\home-robot\2_workspace64\visual studio\6_qcustomplot_opalkelly\6_qcustomplot_opalkelly\debug\qcustomplot.obj
d:\home-robot\2_workspace64\visual studio\6_qcustomplot_opalkelly\6_qcustomplot_opalkelly\debug\mainwindow.obj
d:\home-robot\2_workspace64\visual studio\6_qcustomplot_opalkelly\6_qcustomplot_opalkelly\debug\main.obj
d:\home-robot\2_workspace64\visual studio\6_qcustomplot_opalkelly\6_qcustomplot_opalkelly\debug\moc_thread_usbdata.obj
d:\home-robot\2_workspace64\visual studio\6_qcustomplot_opalkelly\6_qcustomplot_opalkelly\debug\moc_qcustomplot.obj
d:\home-robot\2_workspace64\visual studio\6_qcustomplot_opalkelly\6_qcustomplot_opalkelly\debug\moc_mainwindow.obj
d:\home-robot\2_workspace64\visual studio\6_qcustomplot_opalkelly\6_qcustomplot_opalkelly\debug\qrc_mainwindow.obj
d:\home-robot\2_workspace64\visual studio\6_qcustomplot_opalkelly\6_qcustomplot_opalkelly\generatedfiles\ui_mainwindow.h
d:\home-robot\2_workspace64\visual studio\6_qcustomplot_opalkelly\6_qcustomplot_opalkelly\generatedfiles\debug\moc_thread_usbdata.cpp
d:\home-robot\2_workspace64\visual studio\6_qcustomplot_opalkelly\6_qcustomplot_opalkelly\generatedfiles\debug\moc_qcustomplot.cpp
d:\home-robot\2_workspace64\visual studio\6_qcustomplot_opalkelly\6_qcustomplot_opalkelly\generatedfiles\qrc_mainwindow.cpp
d:\home-robot\2_workspace64\visual studio\6_qcustomplot_opalkelly\6_qcustomplot_opalkelly\generatedfiles\debug\moc_mainwindow.cpp
d:\home-robot\2_workspace64\visual studio\6_qcustomplot_opalkelly\win32\debug\6_qcustomplot_opalkelly.ilk
d:\home-robot\2_workspace64\visual studio\6_qcustomplot_opalkelly\win32\debug\6_qcustomplot_opalkelly.exe
d:\home-robot\2_workspace64\visual studio\6_qcustomplot_opalkelly\win32\debug\6_qcustomplot_opalkelly.pdb
d:\home-robot\2_workspace64\visual studio\6_qcustomplot_opalkelly\6_qcustomplot_opalkelly\debug\6_qcusto.b12702ad.tlog\cl.command.1.tlog
d:\home-robot\2_workspace64\visual studio\6_qcustomplot_opalkelly\6_qcustomplot_opalkelly\debug\6_qcusto.b12702ad.tlog\cl.read.1.tlog
d:\home-robot\2_workspace64\visual studio\6_qcustomplot_opalkelly\6_qcustomplot_opalkelly\debug\6_qcusto.b12702ad.tlog\cl.write.1.tlog
d:\home-robot\2_workspace64\visual studio\6_qcustomplot_opalkelly\6_qcustomplot_opalkelly\debug\6_qcusto.b12702ad.tlog\custombuild.command.1.tlog
d:\home-robot\2_workspace64\visual studio\6_qcustomplot_opalkelly\6_qcustomplot_opalkelly\debug\6_qcusto.b12702ad.tlog\custombuild.read.1.tlog
d:\home-robot\2_workspace64\visual studio\6_qcustomplot_opalkelly\6_qcustomplot_opalkelly\debug\6_qcusto.b12702ad.tlog\custombuild.write.1.tlog
d:\home-robot\2_workspace64\visual studio\6_qcustomplot_opalkelly\6_qcustomplot_opalkelly\debug\6_qcusto.b12702ad.tlog\link.command.1.tlog
d:\home-robot\2_workspace64\visual studio\6_qcustomplot_opalkelly\6_qcustomplot_opalkelly\debug\6_qcusto.b12702ad.tlog\link.read.1.tlog
d:\home-robot\2_workspace64\visual studio\6_qcustomplot_opalkelly\6_qcustomplot_opalkelly\debug\6_qcusto.b12702ad.tlog\link.write.1.tlog
